<?xml version="1.0" encoding="UTF-8"?>
<!-- Generated by org.testng.reporters.JUnitReportReporter -->
<testsuite skipped="0" hostname="DESKTOP-NU3CETR" name="NewTest" tests="2" failures="0" timestamp="2021-05-30T23:42:16 IST" time="0.009" errors="0">
  <testcase name="f" time="0.006" classname="NewTest"/>
  <system-out/>
  <testcase name="f1" time="0.003" classname="NewTest"/>
  <system-out/>
</testsuite> <!-- NewTest -->
