<?xml version="1.0" encoding="UTF-8"?>
<!-- Generated by org.testng.reporters.JUnitReportReporter -->
<testsuite skipped="0" hostname="DESKTOP-NU3CETR" name="first.main" tests="1" failures="0" timestamp="2021-06-02T19:37:42 IST" time="0.005" errors="0">
  <testcase name="cx" time="0.005" classname="first.main"/>
  <system-out/>
</testsuite> <!-- first.main -->
