<?xml version="1.0" encoding="UTF-8"?>
<!-- Generated by org.testng.reporters.JUnitReportReporter -->
<testsuite skipped="0" hostname="DESKTOP-NU3CETR" name="first.PHPTravels" tests="2" failures="0" timestamp="2021-06-03T00:58:15 IST" time="35.840" errors="0">
  <testcase name="destinationBooking" time="22.499" classname="first.PHPTravels"/>
  <system-out/>
  <testcase name="flightBooking" time="13.341" classname="first.PHPTravels"/>
  <system-out/>
</testsuite> <!-- first.PHPTravels -->
