<?xml version="1.0" encoding="UTF-8"?>
<!-- Generated by org.testng.reporters.JUnitReportReporter -->
<testsuite skipped="0" hostname="DESKTOP-NU3CETR" name="first.logs" tests="1" failures="0" timestamp="2021-06-02T18:55:18 IST" time="0.016" errors="0">
  <testcase name="loggeer" time="0.016" classname="first.logs"/>
  <system-out/>
</testsuite> <!-- first.logs -->
