<?xml version="1.0" encoding="UTF-8"?>
<!-- Generated by org.testng.reporters.JUnitReportReporter -->
<testsuite skipped="0" hostname="DESKTOP-NU3CETR" name="first.NewTest" tests="2" failures="0" timestamp="2021-06-02T22:00:13 IST" time="0.006" errors="0">
  <testcase name="f1" time="0.000" classname="first.NewTest"/>
  <system-out/>
  <testcase name="f" time="0.006" classname="first.NewTest"/>
  <system-out/>
</testsuite> <!-- first.NewTest -->
