<?xml version="1.0" encoding="UTF-8"?>
<!-- Generated by org.testng.reporters.JUnitReportReporter -->
<testsuite skipped="0" hostname="DESKTOP-NU3CETR" name="DriverClass" tests="1" failures="0" timestamp="2021-06-02T19:21:55 IST" time="0.008" errors="0">
  <testcase name="initializeDriver" time="0.008" classname="DriverClass"/>
  <system-out/>
</testsuite> <!-- DriverClass -->
