<?xml version="1.0" encoding="UTF-8"?>
<!-- Generated by org.testng.reporters.JUnitReportReporter -->
<testsuite skipped="0" hostname="DESKTOP-NU3CETR" name="first.demo" tests="1" failures="0" timestamp="2021-06-03T09:15:29 IST" time="0.391" errors="0">
  <testcase name="as" time="0.391" classname="first.demo"/>
  <system-out/>
</testsuite> <!-- first.demo -->
